{"timestamp":"2026-06-18T06:41:25.609Z","level":"LOG","message":"Server running on port 4000"}
{"timestamp":"2026-06-18T06:41:26.667Z","level":"LOG","message":"Server running on port 4000"}
{"timestamp":"2026-06-18T06:55:40.452Z","level":"LOG","message":"Server running on port 4000"}
{"timestamp":"2026-06-18T06:56:01.623Z","level":"LOG","message":"Server running on port 4000"}
{"timestamp":"2026-06-18T07:01:23.718Z","level":"LOG","message":"User connected: nR5JKUfUX8ZR-AxIAAAB"}
{"timestamp":"2026-06-18T07:01:30.362Z","level":"LOG","message":"User disconnected: nR5JKUfUX8ZR-AxIAAAB"}
{"timestamp":"2026-06-18T12:39:51.763Z","level":"LOG","message":"Server running on port 4000"}
{"timestamp":"2026-06-18T14:36:55.348Z","level":"LOG","message":"Server running on port 4000"}
{"timestamp":"2026-06-18T17:35:22.991Z","level":"LOG","message":"Server running on port 4000"}
{"timestamp":"2026-06-18T17:35:27.542Z","level":"LOG","message":"User connected: Qf5ktaErhxeqIee4AAAB"}
{"timestamp":"2026-06-18T17:35:31.022Z","level":"LOG","message":"User disconnected: Qf5ktaErhxeqIee4AAAB"}
{"timestamp":"2026-06-18T20:00:18.962Z","level":"LOG","message":"Server running on port 4000"}
{"timestamp":"2026-06-19T00:37:15.466Z","level":"LOG","message":"Server running on port 4000"}
{"timestamp":"2026-06-19T12:26:23.772Z","level":"LOG","message":"Server running on port 4000"}
{"timestamp":"2026-06-20T10:57:43.894Z","level":"LOG","message":"Server running on port 4000"}
{"timestamp":"2026-06-20T16:21:24.392Z","level":"LOG","message":"Server running on port 4000"}
{"timestamp":"2026-06-20T19:11:16.974Z","level":"LOG","message":"Server running on port 4000"}
{"timestamp":"2026-06-21T07:25:42.430Z","level":"LOG","message":"Server running on port 4000"}
{"timestamp":"2026-06-21T18:05:13.988Z","level":"LOG","message":"Server running on port 4000"}
{"timestamp":"2026-06-21T18:05:19.186Z","level":"LOG","message":"User connected: oRLB46UChHkg0l_ZAAAB"}
{"timestamp":"2026-06-21T18:05:56.172Z","level":"LOG","message":"User disconnected: oRLB46UChHkg0l_ZAAAB"}
{"timestamp":"2026-06-21T23:20:04.568Z","level":"LOG","message":"Server running on port 4000"}
{"timestamp":"2026-06-22T02:37:14.142Z","level":"LOG","message":"Server running on port 4000"}
{"timestamp":"2026-06-22T03:53:08.934Z","level":"LOG","message":"Server running on port 4000"}
{"timestamp":"2026-06-22T08:43:11.387Z","level":"LOG","message":"Server running on port 4000"}
{"timestamp":"2026-06-22T12:21:57.041Z","level":"LOG","message":"Server running on port 4000"}
{"timestamp":"2026-06-23T03:20:26.243Z","level":"LOG","message":"Server running on port 4000"}
{"timestamp":"2026-06-23T12:27:28.818Z","level":"LOG","message":"Server running on port 4000"}
{"timestamp":"2026-06-24T01:01:02.852Z","level":"LOG","message":"Server running on port 4000"}
{"timestamp":"2026-06-24T07:26:48.911Z","level":"LOG","message":"Server running on port 4000"}
{"timestamp":"2026-06-24T07:26:59.502Z","level":"LOG","message":"Server running on port 4000"}
{"timestamp":"2026-06-24T08:07:13.842Z","level":"LOG","message":"Server running on port 4000"}
{"timestamp":"2026-06-24T12:00:29.945Z","level":"LOG","message":"Server running on port 4000"}
{"timestamp":"2026-06-24T12:42:49.439Z","level":"LOG","message":"Server running on port 4000"}
{"timestamp":"2026-06-24T12:49:44.481Z","level":"LOG","message":"Server running on port 4000"}
{"timestamp":"2026-06-24T12:49:44.486Z","level":"LOG","message":"Server running on port 4000"}
{"timestamp":"2026-06-24T13:01:44.013Z","level":"LOG","message":"Server running on port 4000"}
{"timestamp":"2026-06-24T13:01:44.414Z","level":"LOG","message":"Server running on port 4000"}
{"timestamp":"2026-06-24T13:02:39.482Z","level":"LOG","message":"Server running on port 4000"}
{"timestamp":"2026-06-24T13:04:46.629Z","level":"LOG","message":"Server running on port 4000"}
{"timestamp":"2026-06-24T13:08:32.701Z","level":"LOG","message":"Server running on port 4000"}
{"timestamp":"2026-06-24T13:08:37.320Z","level":"LOG","message":"Server running on port 4000"}
{"timestamp":"2026-06-24T13:11:19.707Z","level":"LOG","message":"Server running on port 4000"}
{"timestamp":"2026-06-24T13:11:21.520Z","level":"LOG","message":"Server running on port 4000"}
{"timestamp":"2026-06-24T13:12:03.447Z","level":"LOG","message":"Server running on port 4000"}
{"timestamp":"2026-06-24T13:15:02.834Z","level":"LOG","message":"Server running on port 4000"}
{"timestamp":"2026-06-24T13:15:09.708Z","level":"LOG","message":"Server running on port 4000"}
{"timestamp":"2026-06-24T13:19:41.560Z","level":"LOG","message":"Server running on port 4000"}
{"timestamp":"2026-06-24T13:19:44.966Z","level":"LOG","message":"Server running on port 4000"}
{"timestamp":"2026-06-24T13:21:06.656Z","level":"LOG","message":"Server running on port 4000"}
{"timestamp":"2026-06-24T13:22:08.052Z","level":"LOG","message":"Server running on port 4000"}
{"timestamp":"2026-06-24T13:31:22.282Z","level":"LOG","message":"Server running on port 4000"}
{"timestamp":"2026-06-24T13:35:07.897Z","level":"LOG","message":"Server running on port 4000"}
{"timestamp":"2026-06-24T13:52:07.663Z","level":"LOG","message":"Server running on port 4000"}
{"timestamp":"2026-06-24T13:52:44.967Z","level":"LOG","message":"Server running on port 4000"}
{"timestamp":"2026-06-24T14:11:55.928Z","level":"LOG","message":"Server running on port 4000"}
{"timestamp":"2026-06-24T14:12:15.989Z","level":"LOG","message":"Server running on port 4000"}
{"timestamp":"2026-06-24T14:56:04.037Z","level":"LOG","message":"Server running on port 4000"}
{"timestamp":"2026-06-24T16:15:35.023Z","level":"LOG","message":"Server running on port 4000"}
{"timestamp":"2026-06-24T16:25:03.582Z","level":"LOG","message":"Server running on port 4000"}
{"timestamp":"2026-06-24T17:26:18.107Z","level":"LOG","message":"Server running on port 4000"}
{"timestamp":"2026-06-24T18:15:08.796Z","level":"LOG","message":"Server running on port 4000"}
{"timestamp":"2026-06-24T18:37:14.004Z","level":"LOG","message":"Server running on port 4000"}
{"timestamp":"2026-06-24T19:44:11.881Z","level":"LOG","message":"Server running on port 4000"}
{"timestamp":"2026-06-24T20:20:03.576Z","level":"LOG","message":"Server running on port 4000"}
{"timestamp":"2026-06-24T21:02:10.974Z","level":"LOG","message":"Server running on port 4000"}
{"timestamp":"2026-06-24T22:33:07.444Z","level":"LOG","message":"Server running on port 4000"}
{"timestamp":"2026-06-25T00:05:01.324Z","level":"LOG","message":"Server running on port 4000"}
{"timestamp":"2026-06-25T00:59:47.889Z","level":"LOG","message":"Server running on port 4000"}
{"timestamp":"2026-06-25T01:16:58.080Z","level":"LOG","message":"Server running on port 4000"}
{"timestamp":"2026-06-25T02:20:25.324Z","level":"LOG","message":"Server running on port 4000"}
{"timestamp":"2026-06-25T03:44:24.019Z","level":"LOG","message":"Server running on port 4000"}
{"timestamp":"2026-06-25T04:19:59.203Z","level":"LOG","message":"Server running on port 4000"}
{"timestamp":"2026-06-25T04:19:59.698Z","level":"LOG","message":"Server running on port 4000"}
{"timestamp":"2026-06-25T06:57:08.477Z","level":"LOG","message":"Server running on port 4000"}
{"timestamp":"2026-06-25T07:02:49.378Z","level":"LOG","message":"Server running on port 4000"}
{"timestamp":"2026-06-25T07:03:10.949Z","level":"LOG","message":"Server running on port 4000"}
{"timestamp":"2026-06-25T07:03:24.625Z","level":"LOG","message":"Server running on port 4000"}
{"timestamp":"2026-06-25T10:06:08.542Z","level":"LOG","message":"Server running on port 4000"}
{"timestamp":"2026-06-25T10:07:06.976Z","level":"LOG","message":"Server running on port 4000"}
{"timestamp":"2026-06-25T10:11:35.617Z","level":"LOG","message":"Server running on port 4000"}
{"timestamp":"2026-06-25T10:41:07.854Z","level":"LOG","message":"Server running on port 4000"}
{"timestamp":"2026-06-25T11:32:03.311Z","level":"LOG","message":"Server running on port 4000"}
{"timestamp":"2026-06-25T11:44:13.566Z","level":"LOG","message":"Server running on port 4000"}
{"timestamp":"2026-06-25T13:01:31.911Z","level":"LOG","message":"Server running on port 4000"}
{"timestamp":"2026-06-25T13:56:17.496Z","level":"LOG","message":"Server running on port 4000"}
{"timestamp":"2026-06-25T14:15:58.097Z","level":"LOG","message":"Server running on port 4000"}
{"timestamp":"2026-06-25T15:33:54.178Z","level":"LOG","message":"Server running on port 4000"}
{"timestamp":"2026-06-25T17:11:11.348Z","level":"LOG","message":"Server running on port 4000"}
{"timestamp":"2026-06-25T18:45:58.883Z","level":"LOG","message":"Server running on port 4000"}
{"timestamp":"2026-06-25T18:46:02.683Z","level":"LOG","message":"Server running on port 4000"}
{"timestamp":"2026-06-25T19:11:41.477Z","level":"LOG","message":"Server running on port 4000"}
{"timestamp":"2026-06-25T20:02:15.662Z","level":"LOG","message":"Server running on port 4000"}
{"timestamp":"2026-06-25T20:37:28.719Z","level":"LOG","message":"Server running on port 4000"}
{"timestamp":"2026-06-25T21:47:15.733Z","level":"LOG","message":"Server running on port 4000"}
{"timestamp":"2026-06-25T21:47:16.185Z","level":"LOG","message":"Server running on port 4000"}
{"timestamp":"2026-06-26T00:19:04.667Z","level":"LOG","message":"Server running on port 4000"}
{"timestamp":"2026-06-26T03:41:02.545Z","level":"LOG","message":"Server running on port 4000"}
{"timestamp":"2026-06-26T04:09:38.803Z","level":"LOG","message":"Server running on port 4000"}
{"timestamp":"2026-06-26T05:53:05.516Z","level":"LOG","message":"Server running on port 4000"}
{"timestamp":"2026-06-26T09:25:40.440Z","level":"LOG","message":"Server running on port 4000"}
{"timestamp":"2026-06-26T10:42:31.752Z","level":"LOG","message":"Server running on port 4000"}
{"timestamp":"2026-06-26T11:07:17.780Z","level":"LOG","message":"nodemailer not found. Bootstrapping npm install on Hostinger..."}
{"timestamp":"2026-06-26T11:07:17.786Z","level":"ERROR","message":"/bin/sh: line 1: npm: command not found"}
{"timestamp":"2026-06-26T11:07:17.787Z","level":"ERROR","message":"Failed to run bootstrap npm install: Error: Command failed: npm install\n/bin/sh: line 1: npm: command not found\n\n    at genericNodeError (node:internal/errors:983:15)\n    at wrappedFn (node:internal/errors:537:14)\n    at checkExecSyncError (node:child_process:916:11)\n    at Object.execSync (node:child_process:988:15)\n    at Object.<anonymous> (/home/u429894651/domains/partygamehub.cc/nodejs/index.js:8:32)\n    at Module._compile (node:internal/modules/cjs/loader:1706:14)\n    at Module._extensions..js (node:internal/modules/cjs/loader:1839:10)\n    at Module.load (node:internal/modules/cjs/loader:1441:32)\n    at Module._load (node:internal/modules/cjs/loader:1263:12)\n    at TracingChannel.traceSync (node:diagnostics_channel:328:14)"}
{"timestamp":"2026-06-26T11:07:18.567Z","level":"LOG","message":"nodemailer not found. Bootstrapping npm install on Hostinger..."}
{"timestamp":"2026-06-26T11:07:18.573Z","level":"ERROR","message":"/bin/sh: line 1: npm: command not found"}
{"timestamp":"2026-06-26T11:07:18.573Z","level":"ERROR","message":"Failed to run bootstrap npm install: Error: Command failed: npm install\n/bin/sh: line 1: npm: command not found\n\n    at genericNodeError (node:internal/errors:983:15)\n    at wrappedFn (node:internal/errors:537:14)\n    at checkExecSyncError (node:child_process:916:11)\n    at Object.execSync (node:child_process:988:15)\n    at Object.<anonymous> (/home/u429894651/domains/partygamehub.cc/nodejs/index.js:8:32)\n    at Module._compile (node:internal/modules/cjs/loader:1706:14)\n    at Module._extensions..js (node:internal/modules/cjs/loader:1839:10)\n    at Module.load (node:internal/modules/cjs/loader:1441:32)\n    at Module._load (node:internal/modules/cjs/loader:1263:12)\n    at TracingChannel.traceSync (node:diagnostics_channel:328:14)"}
{"timestamp":"2026-06-26T11:09:17.285Z","level":"LOG","message":"Server running on port 4000"}
{"timestamp":"2026-06-26T11:09:18.439Z","level":"LOG","message":"Server running on port 4000"}
{"timestamp":"2026-06-26T11:37:57.384Z","level":"LOG","message":"Server running on port 4000"}
{"timestamp":"2026-06-26T11:37:58.335Z","level":"LOG","message":"Server running on port 4000"}
